[debug] [2022-11-29T15:38:23.429Z] ----------------------------------------------------------------------
[debug] [2022-11-29T15:38:23.435Z] Command:       C:\Program Files\nodejs\node.exe C:\Users\pawan\AppData\Roaming\npm\node_modules\firebase-tools\lib\bin\firebase.js login
[debug] [2022-11-29T15:38:23.437Z] CLI Version:   11.16.1
[debug] [2022-11-29T15:38:23.437Z] Platform:      win32
[debug] [2022-11-29T15:38:23.438Z] Node Version:  v18.12.0
[debug] [2022-11-29T15:38:23.453Z] Time:          Tue Nov 29 2022 21:08:23 GMT+0530 (India Standard Time)
[debug] [2022-11-29T15:38:23.454Z] ----------------------------------------------------------------------
[debug] 
[debug] [2022-11-29T15:38:23.465Z] >>> [apiv2][query] GET https://firebase-public.firebaseio.com/cli.json [none]
[info] i  Firebase optionally collects CLI and Emulator Suite usage and error reporting information to help improve our products. Data is collected in accordance with Google's privacy policy (https://policies.google.com/privacy) and is not used to identify you.
 
[debug] [2022-11-29T15:38:30.968Z] <<< [apiv2][status] GET https://firebase-public.firebaseio.com/cli.json 200
[debug] [2022-11-29T15:38:30.969Z] <<< [apiv2][body] GET https://firebase-public.firebaseio.com/cli.json {"cloudBuildErrorAfter":1594252800000,"cloudBuildWarnAfter":1590019200000,"defaultNode10After":1594252800000,"minVersion":"3.0.5","node8DeploysDisabledAfter":1613390400000,"node8RuntimeDisabledAfter":1615809600000,"node8WarnAfter":1600128000000}
[info] i  To change your data collection preference at any time, run `firebase logout` and log in again. 
[info] 
[info] Visit this URL on this device to log in:
[info] https://accounts.google.com/o/oauth2/auth?client_id=563584335869-fgrhgmd47bqnekij5i8b5pr03ho849e6.apps.googleusercontent.com&scope=email%20openid%20https%3A%2F%2Fwww.googleapis.com%2Fauth%2Fcloudplatformprojects.readonly%20https%3A%2F%2Fwww.googleapis.com%2Fauth%2Ffirebase%20https%3A%2F%2Fwww.googleapis.com%2Fauth%2Fcloud-platform&response_type=code&state=618740088&redirect_uri=http%3A%2F%2Flocalhost%3A9005
[info] 
[info] Waiting for authentication...
[debug] [2022-11-29T15:39:15.374Z] >>> [apiv2][query] POST https://accounts.google.com/o/oauth2/token [none]
[debug] [2022-11-29T15:39:15.375Z] >>> [apiv2][body] POST https://accounts.google.com/o/oauth2/token [omitted]
[debug] [2022-11-29T15:39:18.526Z] <<< [apiv2][status] POST https://accounts.google.com/o/oauth2/token 200
[debug] [2022-11-29T15:39:18.527Z] <<< [apiv2][body] POST https://accounts.google.com/o/oauth2/token [omitted]
[info] 
[info] +  Success! Logged in as pawankumarbairwa879@gmail.com 
[debug] [2022-11-29T15:39:25.176Z] Error: Timed out.
    at Timeout._onTimeout (C:\Users\pawan\AppData\Roaming\npm\node_modules\firebase-tools\lib\utils.js:253:49)
    at listOnTimeout (node:internal/timers:564:17)
    at process.processTimers (node:internal/timers:507:7)
[error] 
[error] Error: An unexpected error has occurred.
